0 info it worked if it ends with ok
1 verbose cli [ 'C:\\Program Files\\nodejs\\node.exe',
1 verbose cli   'C:\\Program Files\\nodejs\\node_modules\\npm\\bin\\npm-cli.js',
1 verbose cli   'install',
1 verbose cli   'n',
1 verbose cli   '-g' ]
2 info using npm@3.7.3
3 info using node@v5.9.1
4 silly loadCurrentTree Starting
5 silly install loadCurrentTree
6 silly install readGlobalPackageData
7 silly fetchPackageMetaData n
8 silly fetchNamedPackageData n
9 silly mapToRegistry name n
10 silly mapToRegistry using default registry
11 silly mapToRegistry registry https://registry.npmjs.org/
12 silly mapToRegistry uri https://registry.npmjs.org/n
13 verbose request uri https://registry.npmjs.org/n
14 verbose request no auth needed
15 info attempt registry request try #1 at 13:10:01
16 verbose request id 081477cbb7d965e1
17 http request GET https://registry.npmjs.org/n
18 http 200 https://registry.npmjs.org/n
19 verbose headers { server: 'nginx/1.10.1',
19 verbose headers   'content-type': 'application/json',
19 verbose headers   'last-modified': 'Fri, 14 Apr 2017 22:03:03 GMT',
19 verbose headers   etag: 'W/"58f14717-10ee0"',
19 verbose headers   'content-encoding': 'gzip',
19 verbose headers   'cache-control': 'max-age=300',
19 verbose headers   'content-length': '11371',
19 verbose headers   'accept-ranges': 'bytes',
19 verbose headers   date: 'Mon, 17 Apr 2017 11:10:01 GMT',
19 verbose headers   via: '1.1 varnish',
19 verbose headers   age: '65',
19 verbose headers   connection: 'keep-alive',
19 verbose headers   'x-served-by': 'cache-hhn1520-HHN',
19 verbose headers   'x-cache': 'HIT',
19 verbose headers   'x-cache-hits': '1',
19 verbose headers   'x-timer': 'S1492427401.204497,VS0,VE0',
19 verbose headers   vary: 'Accept-Encoding' }
20 silly get cb [ 200,
20 silly get   { server: 'nginx/1.10.1',
20 silly get     'content-type': 'application/json',
20 silly get     'last-modified': 'Fri, 14 Apr 2017 22:03:03 GMT',
20 silly get     etag: 'W/"58f14717-10ee0"',
20 silly get     'content-encoding': 'gzip',
20 silly get     'cache-control': 'max-age=300',
20 silly get     'content-length': '11371',
20 silly get     'accept-ranges': 'bytes',
20 silly get     date: 'Mon, 17 Apr 2017 11:10:01 GMT',
20 silly get     via: '1.1 varnish',
20 silly get     age: '65',
20 silly get     connection: 'keep-alive',
20 silly get     'x-served-by': 'cache-hhn1520-HHN',
20 silly get     'x-cache': 'HIT',
20 silly get     'x-cache-hits': '1',
20 silly get     'x-timer': 'S1492427401.204497,VS0,VE0',
20 silly get     vary: 'Accept-Encoding' } ]
21 verbose get saving n to C:\Users\Elisa\AppData\Roaming\npm-cache\registry.npmjs.org\n\.cache.json
22 verbose correctMkdir C:\Users\Elisa\AppData\Roaming\npm-cache correctMkdir not in flight; initializing
23 silly install normalizeTree
24 silly loadCurrentTree Finishing
25 silly loadIdealTree Starting
26 silly install loadIdealTree
27 silly cloneCurrentTree Starting
28 silly install cloneCurrentTreeToIdealTree
29 silly cloneCurrentTree Finishing
30 silly loadShrinkwrap Starting
31 silly install loadShrinkwrap
32 silly loadShrinkwrap Finishing
33 silly loadAllDepsIntoIdealTree Starting
34 silly install loadAllDepsIntoIdealTree
35 silly rollbackFailedOptional Starting
36 silly rollbackFailedOptional Finishing
37 silly runTopLevelLifecycles Starting
38 silly runTopLevelLifecycles Finishing
39 silly install printInstalled
40 verbose stack Error: Unsupported platform for n@2.1.7: wanted {"name":"n","description":"Interactively Manage All Your Node Versions","version":"2.1.7","author":{"name":"TJ Holowaychuk","email":"tj@vision-media.ca"},"homepage":"https://github.com/tj/n","bugs":{"url":"https://github.com/tj/n/issues"},"contributors":[{"name":"Travis Webb","email":"me@traviswebb.com","url":"tjw.io"},{"name":"Nimit Kalra","email":"me@nimit.io","url":"http://nimit.io"},{"name":"Troy Connor","email":"troy0820@gmail.com","url":"https://github.com/troy0820"}],"keywords":["nvm","node","version","manager","switcher","node","binary","env"],"bin":{"n":"./bin/n"},"repository":{"type":"git","url":"git://github.com/tj/n.git"},"preferGlobal":true,"os":["!win32"],"engines":{"node":"*"},"license":"MIT","gitHead":"bcec70577549a9a11d89d10284f8890f0debf6d6","_id":"n@2.1.7","scripts":{},"_npmVersion":"4.4.1","_nodeVersion":"7.7.3","_npmUser":{"name":"troy0820","email":"troy0820@gmail.com"},"dist":{"shasum":"13fe032a5bed0797983bddf27eb0606517c73c74","tarball":"https://registry.npmjs.org/n/-/n-2.1.7.tgz"},"maintainers":[{"name":"bat","email":"ben@benatkin.com"},{"name":"qw3rtman","email":"nimit@nimitkalra.com"},{"name":"tedgaydos","email":"tedgaydos@gmail.com"},{"name":"tjholowaychuk","email":"tj@vision-media.ca"},{"name":"tjwebb","email":"me@traviswebb.com"},{"name":"troy0820","email":"troy.connor@yahoo.com"}],"_npmOperationalInternal":{"host":"packages-12-west.internal.npmjs.com","tmp":"tmp/n-2.1.7.tgz_1490918508873_0.5233936926815659"},"directories":{},"_requested":{"raw":"n","scope":null,"name":"n","rawSpec":"","spec":"latest","type":"tag"},"_spec":"n","_where":"","_args":[["n",""]],"readme":"ERROR: No README data found!"} (current: {"os":"win32","cpu":"x64"})
40 verbose stack     at checkPlatform (C:\Program Files\nodejs\node_modules\npm\node_modules\npm-install-checks\index.js:45:14)
40 verbose stack     at thenWarnEngineIssues (C:\Program Files\nodejs\node_modules\npm\lib\install\validate-args.js:41:5)
40 verbose stack     at C:\Program Files\nodejs\node_modules\npm\node_modules\iferr\index.js:13:50
40 verbose stack     at checkEngine (C:\Program Files\nodejs\node_modules\npm\node_modules\npm-install-checks\index.js:24:10)
40 verbose stack     at module.exports.isInstallable (C:\Program Files\nodejs\node_modules\npm\lib\install\validate-args.js:38:3)
40 verbose stack     at Array.<anonymous> (C:\Program Files\nodejs\node_modules\npm\node_modules\slide\lib\bind-actor.js:15:8)
40 verbose stack     at LOOP (C:\Program Files\nodejs\node_modules\npm\node_modules\slide\lib\chain.js:15:14)
40 verbose stack     at C:\Program Files\nodejs\node_modules\npm\node_modules\slide\lib\chain.js:18:7
40 verbose stack     at checkSelf (C:\Program Files\nodejs\node_modules\npm\lib\install\validate-args.js:46:72)
40 verbose stack     at Array.<anonymous> (C:\Program Files\nodejs\node_modules\npm\node_modules\slide\lib\bind-actor.js:15:8)
41 verbose pkgid n@2.1.7
42 verbose cwd C:\Users\Elisa\Documents\GitHub\angular4-discogs
43 error Windows_NT 10.0.15063
44 error argv "C:\\Program Files\\nodejs\\node.exe" "C:\\Program Files\\nodejs\\node_modules\\npm\\bin\\npm-cli.js" "install" "n" "-g"
45 error node v5.9.1
46 error npm  v3.7.3
47 error code EBADPLATFORM
48 error notsup Not compatible with your operating system or architecture: n@2.1.7
49 error notsup Valid OS:    !win32
49 error notsup Valid Arch:  any
49 error notsup Actual OS:   win32
49 error notsup Actual Arch: x64
50 verbose exit [ 1, true ]
